Arguments: 
  /usr/local/bin/node /opt/homebrew/bin/yarn add netflify-cli

PATH: 
  /opt/homebrew/opt/openjdk/bin:/usr/local/bin:/usr/bin:/bin:/usr/sbin:/sbin:/usr/local/go/bin:/Library/Apple/usr/bin:/Library/Frameworks/Mono.framework/Versions/Current/Commands:/opt/homebrew/opt/openjdk/bin:/opt/homebrew/bin:/opt/homebrew/sbin:/Users/christian/environment/flutter/bin:/Users/christian/Library/Android/sdk/platform-tools:/Users/christian/environment/flutter/bin:/Users/christian/Library/Android/sdk/platform-tools

Yarn version: 
  1.22.17

Node version: 
  14.18.0

Platform: 
  darwin x64

Trace: 
  Error: https://registry.npmjs.org/netflify-cli: Not found
      at Request.params.callback [as _callback] (/opt/homebrew/lib/node_modules/yarn/lib/cli.js:67029:18)
      at Request.self.callback (/opt/homebrew/lib/node_modules/yarn/lib/cli.js:140883:22)
      at Request.emit (events.js:400:28)
      at Request.<anonymous> (/opt/homebrew/lib/node_modules/yarn/lib/cli.js:141855:10)
      at Request.emit (events.js:400:28)
      at IncomingMessage.<anonymous> (/opt/homebrew/lib/node_modules/yarn/lib/cli.js:141777:12)
      at Object.onceWrapper (events.js:519:28)
      at IncomingMessage.emit (events.js:412:35)
      at endReadableNT (internal/streams/readable.js:1334:12)
      at processTicksAndRejections (internal/process/task_queues.js:82:21)

npm manifest: 
  {
    "name": "public",
    "version": "1.0.0",
    "main": "index.js",
    "repository": "https://github.com/mazemaze/a-frame_video_player.git",
    "author": "mazemaze <yujiro2345@gmail.com>",
    "license": "MIT"
  }

yarn manifest: 
  No manifest

Lockfile: 
  No lockfile
